-------------------------------------------------------------------------------
Test set: rosy.features.SmokeTest
-------------------------------------------------------------------------------
Tests run: 1, Failures: 1, Errors: 0, Skipped: 0, Time elapsed: 378.036 s <<< FAILURE! - in rosy.features.SmokeTest
show_home_screen_after_logged_in_with_rosy_account(rosy.features.SmokeTest)  Time elapsed: 371.166 s  <<< FAILURE!
java.lang.AssertionError: 

Expected: an element that is visible
     but: no matching element found by xpath: //*[@text="a few seconds ago"]
	at rosy.features.SmokeTest.show_home_screen_after_logged_in_with_rosy_account(SmokeTest.java:156)

